# JRE version: Java(TM) SE Runtime Environment (8.0_05-b13) (build 1.8.0_05-b13)
# Java VM: Java HotSpot(TM) 64-Bit Server VM (25.5-b02 mixed mode bsd-amd64 compressed oops)
Heap:
 PSYoungGen      total 51712K, used 17348K [0x000000076ab00000, 0x000000076e700000, 0x00000007c0000000)
  eden space 43520K, 37% used [0x000000076ab00000,0x000000076bb192a8,0x000000076d580000)
  from space 8192K, 10% used [0x000000076d580000,0x000000076d658020,0x000000076dd80000)
  to   space 8192K, 0% used [0x000000076df00000,0x000000076df00000,0x000000076e700000)
 ParOldGen       total 21504K, used 18201K [0x00000006c0000000, 0x00000006c1500000, 0x000000076ab00000)
  object space 21504K, 84% used [0x00000006c0000000,0x00000006c11c67e0,0x00000006c1500000)
 Metaspace       used 40174K, capacity 40575K, committed 41008K, reserved 1085440K
  class space    used 5218K, capacity 5313K, committed 5424K, reserved 1048576K
GC Heap History (10 events):
Event: 2.737 GC heap before
{Heap before GC invocations=20 (full 3):
 PSYoungGen      total 45056K, used 5631K [0x000000076ab00000, 0x000000076e180000, 0x00000007c0000000)
  eden space 39424K, 0% used [0x000000076ab00000,0x000000076ab00000,0x000000076d180000)
  from space 5632K, 99% used [0x000000076d700000,0x000000076dc7fda8,0x000000076dc80000)
  to   space 5120K, 0% used [0x000000076dc80000,0x000000076dc80000,0x000000076e180000)
 ParOldGen       total 14848K, used 14213K [0x00000006c0000000, 0x00000006c0e80000, 0x000000076ab00000)
  object space 14848K, 95% used [0x00000006c0000000,0x00000006c0de1400,0x00000006c0e80000)
 Metaspace       used 34498K, capacity 34843K, committed 34992K, reserved 1079296K
  class space    used 4440K, capacity 4528K, committed 4528K, reserved 1048576K
Event: 2.836 GC heap after
Heap after GC invocations=20 (full 3):
 PSYoungGen      total 45056K, used 1463K [0x000000076ab00000, 0x000000076e180000, 0x00000007c0000000)
  eden space 39424K, 0% used [0x000000076ab00000,0x000000076ab00000,0x000000076d180000)
  from space 5632K, 25% used [0x000000076d700000,0x000000076d86de80,0x000000076dc80000)
  to   space 5120K, 0% used [0x000000076dc80000,0x000000076dc80000,0x000000076e180000)
 ParOldGen       total 21504K, used 14671K [0x00000006c0000000, 0x00000006c1500000, 0x000000076ab00000)
  object space 21504K, 68% used [0x00000006c0000000,0x00000006c0e53cf0,0x00000006c1500000)
 Metaspace       used 34498K, capacity 34843K, committed 34992K, reserved 1079296K
  class space    used 4440K, capacity 4528K, committed 4528K, reserved 1048576K
}
Event: 3.336 GC heap before
{Heap before GC invocations=21 (full 3):
 PSYoungGen      total 45056K, used 40887K [0x000000076ab00000, 0x000000076e180000, 0x00000007c0000000)
  eden space 39424K, 100% used [0x000000076ab00000,0x000000076d180000,0x000000076d180000)
  from space 5632K, 25% used [0x000000076d700000,0x000000076d86de80,0x000000076dc80000)
  to   space 5120K, 0% used [0x000000076dc80000,0x000000076dc80000,0x000000076e180000)
 ParOldGen       total 21504K, used 14671K [0x00000006c0000000, 0x00000006c1500000, 0x000000076ab00000)
  object space 21504K, 68% used [0x00000006c0000000,0x00000006c0e53cf0,0x00000006c1500000)
 Metaspace       used 37735K, capacity 38111K, committed 38320K, reserved 1083392K
  class space    used 4924K, capacity 5025K, committed 5040K, reserved 1048576K
Event: 3.345 GC heap after
Heap after GC invocations=21 (full 3):
 PSYoungGen      total 47104K, used 5090K [0x000000076ab00000, 0x000000076e500000, 0x00000007c0000000)
  eden space 41984K, 0% used [0x000000076ab00000,0x000000076ab00000,0x000000076d400000)
  from space 5120K, 99% used [0x000000076dc80000,0x000000076e1789b0,0x000000076e180000)
  to   space 8704K, 0% used [0x000000076d400000,0x000000076d400000,0x000000076dc80000)
 ParOldGen       total 21504K, used 15849K [0x00000006c0000000, 0x00000006c1500000, 0x000000076ab00000)
  object space 21504K, 73% used [0x00000006c0000000,0x00000006c0f7a7d0,0x00000006c1500000)
 Metaspace       used 37735K, capacity 38111K, committed 38320K, reserved 1083392K
  class space    used 4924K, capacity 5025K, committed 5040K, reserved 1048576K
}
Event: 123.323 GC heap before
{Heap before GC invocations=22 (full 3):
 PSYoungGen      total 47104K, used 47074K [0x000000076ab00000, 0x000000076e500000, 0x00000007c0000000)
  eden space 41984K, 100% used [0x000000076ab00000,0x000000076d400000,0x000000076d400000)
  from space 5120K, 99% used [0x000000076dc80000,0x000000076e1789b0,0x000000076e180000)
  to   space 8704K, 0% used [0x000000076d400000,0x000000076d400000,0x000000076dc80000)
 ParOldGen       total 21504K, used 15849K [0x00000006c0000000, 0x00000006c1500000, 0x000000076ab00000)
  object space 21504K, 73% used [0x00000006c0000000,0x00000006c0f7a7d0,0x00000006c1500000)
 Metaspace       used 40126K, capacity 40479K, committed 40624K, reserved 1085440K
  class space    used 5214K, capacity 5281K, committed 5296K, reserved 1048576K
Event: 123.330 GC heap after
Heap after GC invocations=22 (full 3):
 PSYoungGen      total 50688K, used 2547K [0x000000076ab00000, 0x000000076e600000, 0x00000007c0000000)
  eden space 41984K, 0% used [0x000000076ab00000,0x000000076ab00000,0x000000076d400000)
  from space 8704K, 29% used [0x000000076d400000,0x000000076d67ce80,0x000000076dc80000)
  to   space 8192K, 0% used [0x000000076de00000,0x000000076de00000,0x000000076e600000)
 ParOldGen       total 21504K, used 18193K [0x00000006c0000000, 0x00000006c1500000, 0x000000076ab00000)
  object space 21504K, 84% used [0x00000006c0000000,0x00000006c11c47e0,0x00000006c1500000)
 Metaspace       used 40126K, capacity 40479K, committed 40624K, reserved 1085440K
  class space    used 5214K, capacity 5281K, committed 5296K, reserved 1048576K
}
Event: 276.126 GC heap before
{Heap before GC invocations=23 (full 3):
 PSYoungGen      total 50688K, used 44531K [0x000000076ab00000, 0x000000076e600000, 0x00000007c0000000)
  eden space 41984K, 100% used [0x000000076ab00000,0x000000076d400000,0x000000076d400000)
  from space 8704K, 29% used [0x000000076d400000,0x000000076d67ce80,0x000000076dc80000)
  to   space 8192K, 0% used [0x000000076de00000,0x000000076de00000,0x000000076e600000)
 ParOldGen       total 21504K, used 18193K [0x00000006c0000000, 0x00000006c1500000, 0x000000076ab00000)
  object space 21504K, 84% used [0x00000006c0000000,0x00000006c11c47e0,0x00000006c1500000)
 Metaspace       used 40141K, capacity 40575K, committed 41008K, reserved 1085440K
  class space    used 5215K, capacity 5313K, committed 5424K, reserved 1048576K
Event: 276.129 GC heap after
Heap after GC invocations=23 (full 3):
 PSYoungGen      total 51200K, used 832K [0x000000076ab00000, 0x000000076e580000, 0x00000007c0000000)
  eden space 43520K, 0% used [0x000000076ab00000,0x000000076ab00000,0x000000076d580000)
  from space 7680K, 10% used [0x000000076de00000,0x000000076ded0020,0x000000076e580000)
  to   space 8192K, 0% used [0x000000076d580000,0x000000076d580000,0x000000076dd80000)
 ParOldGen       total 21504K, used 18201K [0x00000006c0000000, 0x00000006c1500000, 0x000000076ab00000)
  object space 21504K, 84% used [0x00000006c0000000,0x00000006c11c67e0,0x00000006c1500000)
 Metaspace       used 40141K, capacity 40575K, committed 41008K, reserved 1085440K
  class space    used 5215K, capacity 5313K, committed 5424K, reserved 1048576K
}
Event: 446.953 GC heap before
{Heap before GC invocations=24 (full 3):
 PSYoungGen      total 51200K, used 44352K [0x000000076ab00000, 0x000000076e580000, 0x00000007c0000000)
  eden space 43520K, 100% used [0x000000076ab00000,0x000000076d580000,0x000000076d580000)
  from space 7680K, 10% used [0x000000076de00000,0x000000076ded0020,0x000000076e580000)
  to   space 8192K, 0% used [0x000000076d580000,0x000000076d580000,0x000000076dd80000)
 ParOldGen       total 21504K, used 18201K [0x00000006c0000000, 0x00000006c1500000, 0x000000076ab00000)
  object space 21504K, 84% used [0x00000006c0000000,0x00000006c11c67e0,0x00000006c1500000)
 Metaspace       used 40160K, capacity 40575K, committed 41008K, reserved 1085440K
  class space    used 5215K, capacity 5313K, committed 5424K, reserved 1048576K
Event: 446.956 GC heap after
Heap after GC invocations=24 (full 3):
 PSYoungGen      total 51712K, used 864K [0x000000076ab00000, 0x000000076e700000, 0x00000007c0000000)
  eden space 43520K, 0% used [0x000000076ab00000,0x000000076ab00000,0x000000076d580000)
  from space 8192K, 10% used [0x000000076d580000,0x000000076d658020,0x000000076dd80000)
  to   space 8192K, 0% used [0x000000076df00000,0x000000076df00000,0x000000076e700000)
 ParOldGen       total 21504K, used 18201K [0x00000006c0000000, 0x00000006c1500000, 0x000000076ab00000)
  object space 21504K, 84% used [0x00000006c0000000,0x00000006c11c67e0,0x00000006c1500000)
 Metaspace       used 40160K, capacity 40575K, committed 41008K, reserved 1085440K
  class space    used 5215K, capacity 5313K, committed 5424K, reserved 1048576K
}

